#### DBGLogOpen Called /media/Infinity/dev/BasicGames/b2c/b2c.cpp[2103]
Loading var translations
  Line='# Functions'
  orig_name='#'
  Line=''
  Line='# Intrinsics (Change mangled name back to original name) '
  orig_name='#'
  Line='SPACE_str     | SPACE'
  orig_name='SPACE_str'
  new_name='SPACE'
  Line='MID_str       | MID'
  orig_name='MID_str'
  new_name='MID'
  Line='CHR_str       | CHR'
  orig_name='CHR_str'
  new_name='CHR'
  Line='RIGHT_str     | RIGHT'
  orig_name='RIGHT_str'
  new_name='RIGHT'
  Line='LEFT_str      | LEFT'
  orig_name='LEFT_str'
  new_name='LEFT'
  Line=''
  Line='# Variables'
  orig_name='#'
  Line=''
  Line='# Line numbers'
  orig_name='#'
Finished loading var translations
Translations:
  'CHR_str' --> 'CHR'
  'LEFT_str' --> 'LEFT'
  'MID_str' --> 'MID'
  'RIGHT_str' --> 'RIGHT'
  'SPACE_str' --> 'SPACE'
End Translations.
(PRINTSTMT)basiclval.stype='N2'
(PRINTSTMT)basiclval.stype='N1'
(PRINTSTMT)basiclval.stype='T0'
(PRINTSTMT)basiclval.stype='N5'
(PRINTSTMT)basiclval.stype='Q$'
(PRINTSTMT)basiclval.stype='Q'
(PRINTSTMT)basiclval.stype='I'
(PRINTSTMT)basiclval.stype='J'
(PRINTSTMT)basiclval.stype='T'
(PRINTSTMT)basiclval.stype='T0'
(PRINTSTMT)basiclval.stype='C$'
(PRINTSTMT)basiclval.stype='Q1'
(PRINTSTMT)basiclval.stype='Q2'
(PRINTSTMT)basiclval.stype='S1'
(PRINTSTMT)basiclval.stype='S2'
(PRINTSTMT)basiclval.stype='E1'
(PRINTSTMT)basiclval.stype='E2'
(PRINTSTMT)basiclval.stype='E3'
(PRINTSTMT)basiclval.stype='E4'
(PRINTSTMT)basiclval.stype='P'
(PRINTSTMT)basiclval.stype='N2'
(PRINTSTMT)basiclval.stype='Q1'
(PRINTSTMT)basiclval.stype='Q2'
(PRINTSTMT)basiclval.stype='N'
(PRINTSTMT)basiclval.stype='N'
(PRINTSTMT)basiclval.stype='N'
(PRINTSTMT)basiclval.stype='E3'
(PRINTSTMT)basiclval.stype='E3'
(PRINTSTMT)basiclval.stype='K'
(PRINTSTMT)basiclval.stype='I'
(PRINTSTMT)basiclval.stype='K'
(PRINTSTMT)basiclval.stype='I'
(PRINTSTMT)basiclval.stype='X1'
(PRINTSTMT)basiclval.stype='K'
(PRINTSTMT)basiclval.stype='I'
(PRINTSTMT)basiclval.stype='K'
(PRINTSTMT)basiclval.stype='I'
(PRINTSTMT)basiclval.stype='R'
(PRINTSTMT)basiclval.stype='I'
(PRINTSTMT)basiclval.stype='R'
(PRINTSTMT)basiclval.stype='I'
(PRINTSTMT)basiclval.stype='X1'
(PRINTSTMT)basiclval.stype='R'
(PRINTSTMT)basiclval.stype='I'
(PRINTSTMT)basiclval.stype='R'
(PRINTSTMT)basiclval.stype='I'
(PRINTSTMT)basiclval.stype='X1'
(PRINTSTMT)basiclval.stype='INT'
(PRINTSTMT)basiclval.stype='X'
(PRINTSTMT)basiclval.stype='INT'
(PRINTSTMT)basiclval.stype='Y'
(PRINTSTMT)basiclval.stype='X3'
(PRINTSTMT)basiclval.stype='X4'
(PRINTSTMT)basiclval.stype='X3'
(PRINTSTMT)basiclval.stype='X4'
(PRINTSTMT)basiclval.stype='X3'
(PRINTSTMT)basiclval.stype='X4'
(PRINTSTMT)basiclval.stype='K'
(PRINTSTMT)basiclval.stype='I'
(PRINTSTMT)basiclval.stype='INT'
(PRINTSTMT)basiclval.stype='RND'
(PRINTSTMT)basiclval.stype='K'
(PRINTSTMT)basiclval.stype='I'
(PRINTSTMT)basiclval.stype='K'
(PRINTSTMT)basiclval.stype='I'
(PRINTSTMT)basiclval.stype='X1'
(PRINTSTMT)basiclval.stype='INT'
(PRINTSTMT)basiclval.stype='RND'
(PRINTSTMT)basiclval.stype='R'
(PRINTSTMT)basiclval.stype='I'
(PRINTSTMT)basiclval.stype='INT'
(PRINTSTMT)basiclval.stype='RND'
(PRINTSTMT)basiclval.stype='R'
(PRINTSTMT)basiclval.stype='I'
(PRINTSTMT)basiclval.stype='R'
(PRINTSTMT)basiclval.stype='I'
(PRINTSTMT)basiclval.stype='X1'
(PRINTSTMT)basiclval.stype='INT'
(PRINTSTMT)basiclval.stype='RND'
(PRINTSTMT)basiclval.stype='Q8'
(PRINTSTMT)basiclval.stype='E4'
(PRINTSTMT)basiclval.stype='Q8'
(PRINTSTMT)basiclval.stype='E4'
(PRINTSTMT)basiclval.stype='N2'
(PRINTSTMT)basiclval.stype='N3'
(PRINTSTMT)basiclval.stype='P4'
(PRINTSTMT)basiclval.stype='S'
(PRINTSTMT)basiclval.stype='X6'
(PRINTSTMT)basiclval.stype='X7'
(PRINTSTMT)basiclval.stype='X7'
